09:36:17: 为项目JianqiaoSystem执行步骤 ...
09:36:17: 正在启动 "D:\QT6\Tools\CMake_64\bin\cmake.exe" --build C:/Users/13027/Desktop/Jianqiaov2/build/Desktop_Qt_6_9_0_MSVC2022_64bit-Release --target clean

[1/2 10.3/sec] Cleaning additional files...
[2/2 15.0/sec] Cleaning all built files...
Cleaning... 14 files.
09:36:17: 进程"D:\QT6\Tools\CMake_64\bin\cmake.exe"正常退出。
09:36:17: 正在启动 "D:\QT6\Tools\CMake_64\bin\cmake.exe" --build C:/Users/13027/Desktop/Jianqiaov2/build/Desktop_Qt_6_9_0_MSVC2022_64bit-Release --target all JianqiaoSystem

[1/15 1.1/sec] Automatic MOC and UIC for target JianqiaoSystem
[2/15 0.6/sec] Building CXX object CMakeFiles\JianqiaoSystem.dir\AppCardWidget.cpp.obj
[3/15 0.9/sec] Building CXX object CMakeFiles\JianqiaoSystem.dir\HoverIconWidget.cpp.obj
[4/15 1.1/sec] Building CXX object CMakeFiles\JianqiaoSystem.dir\main.cpp.obj
[5/15 1.4/sec] Building CXX object CMakeFiles\JianqiaoSystem.dir\UserView.cpp.obj
[6/15 1.7/sec] Building CXX object CMakeFiles\JianqiaoSystem.dir\AdminLoginView.cpp.obj
[7/15 1.8/sec] Building CXX object CMakeFiles\JianqiaoSystem.dir\HotkeyEditDialog.cpp.obj
[8/15 1.9/sec] Building CXX object CMakeFiles\JianqiaoSystem.dir\UserModeModule.cpp.obj
FAILED: CMakeFiles/JianqiaoSystem.dir/UserModeModule.cpp.obj 
C:\PROGRA~1\MIB055~1\2022\COMMUN~1\VC\Tools\MSVC\1443~1.348\bin\HostX64\x64\cl.exe  /nologo /TP -DQT_CORE_LIB -DQT_GUI_LIB -DQT_NO_DEBUG -DQT_WIDGETS_LIB -DUNICODE -DWIN32 -DWIN64 -D_ENABLE_EXTENDED_ALIGNED_STORAGE -D_UNICODE -D_WIN64 -IC:\Users\13027\Desktop\Jianqiaov2\build\Desktop_Qt_6_9_0_MSVC2022_64bit-Release\JianqiaoSystem_autogen\include -IC:\Users\13027\Desktop\Jianqiaov2 -external:ID:\QT6\6.9.0\msvc2022_64\include\QtWidgets -external:ID:\QT6\6.9.0\msvc2022_64\include -external:ID:\QT6\6.9.0\msvc2022_64\include\QtCore -external:ID:\QT6\6.9.0\msvc2022_64\mkspecs\win32-msvc -external:ID:\QT6\6.9.0\msvc2022_64\include\QtGui -external:ID:\QT6\6.9.0\msvc2022_64\include\QtGui\6.9.0 -external:ID:\QT6\6.9.0\msvc2022_64\include\QtGui\6.9.0\QtGui -external:ID:\QT6\6.9.0\msvc2022_64\include\QtCore\6.9.0 -external:ID:\QT6\6.9.0\msvc2022_64\include\QtCore\6.9.0\QtCore -external:W0 /DWIN32 /D_WINDOWS /GR /EHsc /O2 /Ob2 /DNDEBUG -std:c++17 -MD -Zc:__cplusplus -permissive- -utf-8 /showIncludes /FoCMakeFiles\JianqiaoSystem.dir\UserModeModule.cpp.obj /FdCMakeFiles\JianqiaoSystem.dir\ /FS -c C:\Users\13027\Desktop\Jianqiaov2\UserModeModule.cpp
C:\Users\13027\Desktop\Jianqiaov2\UserModeModule.cpp(50): error C2039: "onApplicationActivationFailed": 不是 "UserModeModule" 的成员
C:\Users\13027\Desktop\Jianqiaov2\UserModeModule.h(19): note: 参见“UserModeModule”的声明
C:\Users\13027\Desktop\Jianqiaov2\UserModeModule.cpp(50): error C2065: “onApplicationActivationFailed”: 未声明的标识符
C:\Users\13027\Desktop\Jianqiaov2\UserModeModule.cpp(359): error C2039: "onApplicationActivationFailed": 不是 "UserModeModule" 的成员
C:\Users\13027\Desktop\Jianqiaov2\UserModeModule.h(19): note: 参见“UserModeModule”的声明
C:\Users\13027\Desktop\Jianqiaov2\UserModeModule.cpp(361): error C2065: “m_pendingActivationApps”: 未声明的标识符
C:\Users\13027\Desktop\Jianqiaov2\UserModeModule.cpp(362): error C2065: “m_pendingActivationApps”: 未声明的标识符
C:\Users\13027\Desktop\Jianqiaov2\UserModeModule.cpp(363): error C2065: “m_userViewPtr”: 未声明的标识符
C:\Users\13027\Desktop\Jianqiaov2\UserModeModule.cpp(364): error C2065: “m_userViewPtr”: 未声明的标识符
[9/15 2.0/sec] Building CXX object CMakeFiles\JianqiaoSystem.dir\JianqiaoCoreShell.cpp.obj
[10/15 2.2/sec] Building CXX object CMakeFiles\JianqiaoSystem.dir\AdminDashboardView.cpp.obj
[11/15 2.4/sec] Building CXX object CMakeFiles\JianqiaoSystem.dir\WhitelistManagerView.cpp.obj
[12/15 2.4/sec] Building CXX object CMakeFiles\JianqiaoSystem.dir\AdminModule.cpp.obj
[13/15 2.6/sec] Building CXX object CMakeFiles\JianqiaoSystem.dir\SystemInteractionModule.cpp.obj
[14/15 2.7/sec] Building CXX object CMakeFiles\JianqiaoSystem.dir\JianqiaoSystem_autogen\mocs_compilation.cpp.obj
ninja: build stopped: subcommand failed.
09:36:22: 进程"D:\QT6\Tools\CMake_64\bin\cmake.exe"退出，退出代码 1 。
09:36:22: Error while building/deploying project JianqiaoSystem (kit: Desktop Qt 6.9.0 MSVC2022 64bit)
09:36:22: When executing step "构建"
09:36:22: Elapsed time: 00:06.
